<?xml version="1.0" encoding="UTF-8"?>
<!-- Generated by org.testng.reporters.JUnitReportReporter -->
<testsuite hostname="WS301" name="GoogleSearch" tests="1" failures="1" timestamp="14 Oct 2020 11:19:05 GMT" time="0.151" errors="0">
  <testcase name="test" time="0.151" classname="GoogleSearch">
    <failure type="java.lang.StackOverflowError">
      <![CDATA[java.lang.StackOverflowError
	at Search.AccessAdvancedSearch(Search.java:9)
	at Search.AccessAdvancedSearch(Search.java:9)
	at Search.AccessAdvancedSearch(Search.java:9)
	at Search.AccessAdvancedSearch(Search.java:9)
	at Search.AccessAdvancedSearch(Search.java:9)
	at Search.AccessAdvancedSearch(Search.java:9)
	at Search.AccessAdvancedSearch(Search.java:9)
	at Search.AccessAdvancedSearch(Search.java:9)
	at Search.AccessAdvancedSearch(Search.java:9)
	at Search.AccessAdvancedSearch(Search.java:9)
	at Search.AccessAdvancedSearch(Search.java:9)
	at Search.AccessAdvancedSearch(Search.java:9)
	at Search.AccessAdvancedSearch(Search.java:9)
	at Search.AccessAdvancedSearch(Search.java:9)
	at Search.AccessAdvancedSearch(Search.java:9)
	at Search.AccessAdvancedSearch(Search.java:9)
	at Search.AccessAdvancedSearch(Search.java:9)
	at Search.AccessAdvancedSearch(Search.java:9)
	at Search.AccessAdvancedSearch(Search.java:9)
	at Search.AccessAdvancedSearch(Search.java:9)
	at Search.AccessAdvancedSearch(Search.java:9)
	at Search.AccessAdvancedSearch(Search.java:9)
	at Search.AccessAdvancedSearch(Search.java:9)
	at Search.AccessAdvancedSearch(Search.java:9)
	at Search.AccessAdvancedSearch(Search.java:9)
	at Search.AccessAdvancedSearch(Search.java:9)
	at Search.AccessAdvancedSearch(Search.java:9)
	at Search.AccessAdvancedSearch(Search.java:9)
	at Search.AccessAdvancedSearch(Search.java:9)
	at Search.AccessAdvancedSearch(Search.java:9)
	at Search.AccessAdvancedSearch(Search.java:9)
	at Search.AccessAdvancedSearch(Search.java:9)
	at Search.AccessAdvancedSearch(Search.java:9)
	at Search.AccessAdvancedSearch(Search.java:9)
	at Search.AccessAdvancedSearch(Search.java:9)
	at Search.AccessAdvancedSearch(Search.java:9)
	at Search.AccessAdvancedSearch(Search.java:9)
	at Search.AccessAdvancedSearch(Search.java:9)
	at Search.AccessAdvancedSearch(Search.java:9)
	at Search.AccessAdvancedSearch(Search.java:9)
	at Search.AccessAdvancedSearch(Search.java:9)
	at Search.AccessAdvancedSearch(Search.java:9)
	at Search.AccessAdvancedSearch(Search.java:9)
	at Search.AccessAdvancedSearch(Search.java:9)
	at Search.AccessAdvancedSearch(Search.java:9)
	at Search.AccessAdvancedSearch(Search.java:9)
	at Search.AccessAdvancedSearch(Search.java:9)
	at Search.AccessAdvancedSearch(Search.java:9)
	at Search.AccessAdvancedSearch(Search.java:9)
	at Search.AccessAdvancedSearch(Search.java:9)
	at Search.AccessAdvancedSearch(Search.java:9)
	at Search.AccessAdvancedSearch(Search.java:9)
	at Search.AccessAdvancedSearch(Search.java:9)
	at Search.AccessAdvancedSearch(Search.java:9)
	at Search.AccessAdvancedSearch(Search.java:9)
	at Search.AccessAdvancedSearch(Search.java:9)
	at Search.AccessAdvancedSearch(Search.java:9)
	at Search.AccessAdvancedSearch(Search.java:9)
	at Search.AccessAdvancedSearch(Search.java:9)
	at Search.AccessAdvancedSearch(Search.java:9)
	at Search.AccessAdvancedSearch(Search.java:9)
	at Search.AccessAdvancedSearch(Search.java:9)
	at Search.AccessAdvancedSearch(Search.java:9)
	at Search.AccessAdvancedSearch(Search.java:9)
	at Search.AccessAdvancedSearch(Search.java:9)
	at Search.AccessAdvancedSearch(Search.java:9)
	at Search.AccessAdvancedSearch(Search.java:9)
	at Search.AccessAdvancedSearch(Search.java:9)
	at Search.AccessAdvancedSearch(Search.java:9)
	at Search.AccessAdvancedSearch(Search.java:9)
	at Search.AccessAdvancedSearch(Search.java:9)
	at Search.AccessAdvancedSearch(Search.java:9)
	at Search.AccessAdvancedSearch(Search.java:9)
	at Search.AccessAdvancedSearch(Search.java:9)
	at Search.AccessAdvancedSearch(Search.java:9)
	at Search.AccessAdvancedSearch(Search.java:9)
	at Search.AccessAdvancedSearch(Search.java:9)
	at Search.AccessAdvancedSearch(Search.java:9)
	at Search.AccessAdvancedSearch(Search.java:9)
	at Search.AccessAdvancedSearch(Search.java:9)
	at Search.AccessAdvancedSearch(Search.java:9)
	at Search.AccessAdvancedSearch(Search.java:9)
	at Search.AccessAdvancedSearch(Search.java:9)
	at Search.AccessAdvancedSearch(Search.java:9)
	at Search.AccessAdvancedSearch(Search.java:9)
	at Search.AccessAdvancedSearch(Search.java:9)
	at Search.AccessAdvancedSearch(Search.java:9)
	at Search.AccessAdvancedSearch(Search.java:9)
	at Search.AccessAdvancedSearch(Search.java:9)
	at Search.AccessAdvancedSearch(Search.java:9)
	at Search.AccessAdvancedSearch(Search.java:9)
	at Search.AccessAdvancedSearch(Search.java:9)
	at Search.AccessAdvancedSearch(Search.java:9)
	at Search.AccessAdvancedSearch(Search.java:9)
	at Search.AccessAdvancedSearch(Search.java:9)
	at Search.AccessAdvancedSearch(Search.java:9)
	at Search.AccessAdvancedSearch(Search.java:9)
	at Search.AccessAdvancedSearch(Search.java:9)
	at Search.AccessAdvancedSearch(Search.java:9)
	at Search.AccessAdvancedSearch(Search.java:9)
	at Search.AccessAdvancedSearch(Search.java:9)
	at Search.AccessAdvancedSearch(Search.java:9)
	at Search.AccessAdvancedSearch(Search.java:9)
	at Search.AccessAdvancedSearch(Search.java:9)
	at Search.AccessAdvancedSearch(Search.java:9)
	at Search.AccessAdvancedSearch(Search.java:9)
	at Search.AccessAdvancedSearch(Search.java:9)
	at Search.AccessAdvancedSearch(Search.java:9)
	at Search.AccessAdvancedSearch(Search.java:9)
	at Search.AccessAdvancedSearch(Search.java:9)
	at Search.AccessAdvancedSearch(Search.java:9)
	at Search.AccessAdvancedSearch(Search.java:9)
	at Search.AccessAdvancedSearch(Search.java:9)
	at Search.AccessAdvancedSearch(Search.java:9)
	at Search.AccessAdvancedSearch(Search.java:9)
	at Search.AccessAdvancedSearch(Search.java:9)
	at Search.AccessAdvancedSearch(Search.java:9)
	at Search.AccessAdvancedSearch(Search.java:9)
	at Search.AccessAdvancedSearch(Search.java:9)
	at Search.AccessAdvancedSearch(Search.java:9)
	at Search.AccessAdvancedSearch(Search.java:9)
	at Search.AccessAdvancedSearch(Search.java:9)
	at Search.AccessAdvancedSearch(Search.java:9)
	at Search.AccessAdvancedSearch(Search.java:9)
	at Search.AccessAdvancedSearch(Search.java:9)
	at Search.AccessAdvancedSearch(Search.java:9)
	at Search.AccessAdvancedSearch(Search.java:9)
	at Search.AccessAdvancedSearch(Search.java:9)
	at Search.AccessAdvancedSearch(Search.java:9)
	at Search.AccessAdvancedSearch(Search.java:9)
	at Search.AccessAdvancedSearch(Search.java:9)
	at Search.AccessAdvancedSearch(Search.java:9)
	at Search.AccessAdvancedSearch(Search.java:9)
	at Search.AccessAdvancedSearch(Search.java:9)
	at Search.AccessAdvancedSearch(Search.java:9)
	at Search.AccessAdvancedSearch(Search.java:9)
	at Search.AccessAdvancedSearch(Search.java:9)
	at Search.AccessAdvancedSearch(Search.java:9)
	at Search.AccessAdvancedSearch(Search.java:9)
	at Search.AccessAdvancedSearch(Search.java:9)
	at Search.AccessAdvancedSearch(Search.java:9)
	at Search.AccessAdvancedSearch(Search.java:9)
	at Search.AccessAdvancedSearch(Search.java:9)
	at Search.AccessAdvancedSearch(Search.java:9)
	at Search.AccessAdvancedSearch(Search.java:9)
	at Search.AccessAdvancedSearch(Search.java:9)
	at Search.AccessAdvancedSearch(Search.java:9)
	at Search.AccessAdvancedSearch(Search.java:9)
	at Search.AccessAdvancedSearch(Search.java:9)
	at Search.AccessAdvancedSearch(Search.java:9)
	at Search.AccessAdvancedSearch(Search.java:9)
	at Search.AccessAdvancedSearch(Search.java:9)
	at Search.AccessAdvancedSearch(Search.java:9)
	at Search.AccessAdvancedSearch(Search.java:9)
	at Search.AccessAdvancedSearch(Search.java:9)
	at Search.AccessAdvancedSearch(Search.java:9)
	at Search.AccessAdvancedSearch(Search.java:9)
	at Search.AccessAdvancedSearch(Search.java:9)
	at Search.AccessAdvancedSearch(Search.java:9)
	at Search.AccessAdvancedSearch(Search.java:9)
	at Search.AccessAdvancedSearch(Search.java:9)
	at Search.AccessAdvancedSearch(Search.java:9)
	at Search.AccessAdvancedSearch(Search.java:9)
	at Search.AccessAdvancedSearch(Search.java:9)
	at Search.AccessAdvancedSearch(Search.java:9)
	at Search.AccessAdvancedSearch(Search.java:9)
	at Search.AccessAdvancedSearch(Search.java:9)
	at Search.AccessAdvancedSearch(Search.java:9)
	at Search.AccessAdvancedSearch(Search.java:9)
	at Search.AccessAdvancedSearch(Search.java:9)
	at Search.AccessAdvancedSearch(Search.java:9)
	at Search.AccessAdvancedSearch(Search.java:9)
	at Search.AccessAdvancedSearch(Search.java:9)
	at Search.AccessAdvancedSearch(Search.java:9)
	at Search.AccessAdvancedSearch(Search.java:9)
	at Search.AccessAdvancedSearch(Search.java:9)
	at Search.AccessAdvancedSearch(Search.java:9)
	at Search.AccessAdvancedSearch(Search.java:9)
	at Search.AccessAdvancedSearch(Search.java:9)
	at Search.AccessAdvancedSearch(Search.java:9)
	at Search.AccessAdvancedSearch(Search.java:9)
	at Search.AccessAdvancedSearch(Search.java:9)
	at Search.AccessAdvancedSearch(Search.java:9)
	at Search.AccessAdvancedSearch(Search.java:9)
	at Search.AccessAdvancedSearch(Search.java:9)
	at Search.AccessAdvancedSearch(Search.java:9)
	at Search.AccessAdvancedSearch(Search.java:9)
	at Search.AccessAdvancedSearch(Search.java:9)
	at Search.AccessAdvancedSearch(Search.java:9)
	at Search.AccessAdvancedSearch(Search.java:9)
	at Search.AccessAdvancedSearch(Search.java:9)
	at Search.AccessAdvancedSearch(Search.java:9)
	at Search.AccessAdvancedSearch(Search.java:9)
	at Search.AccessAdvancedSearch(Search.java:9)
	at Search.AccessAdvancedSearch(Search.java:9)
	at Search.AccessAdvancedSearch(Search.java:9)
	at Search.AccessAdvancedSearch(Search.java:9)
	at Search.AccessAdvancedSearch(Search.java:9)
	at Search.AccessAdvancedSearch(Search.java:9)
	at Search.AccessAdvancedSearch(Search.java:9)
	at Search.AccessAdvancedSearch(Search.java:9)
	at Search.AccessAdvancedSearch(Search.java:9)
	at Search.AccessAdvancedSearch(Search.java:9)
	at Search.AccessAdvancedSearch(Search.java:9)
	at Search.AccessAdvancedSearch(Search.java:9)
	at Search.AccessAdvancedSearch(Search.java:9)
	at Search.AccessAdvancedSearch(Search.java:9)
	at Search.AccessAdvancedSearch(Search.java:9)
	at Search.AccessAdvancedSearch(Search.java:9)
	at Search.AccessAdvancedSearch(Search.java:9)
	at Search.AccessAdvancedSearch(Search.java:9)
	at Search.AccessAdvancedSearch(Search.java:9)
	at Search.AccessAdvancedSearch(Search.java:9)
	at Search.AccessAdvancedSearch(Search.java:9)
	at Search.AccessAdvancedSearch(Search.java:9)
	at Search.AccessAdvancedSearch(Search.java:9)
	at Search.AccessAdvancedSearch(Search.java:9)
	at Search.AccessAdvancedSearch(Search.java:9)
	at Search.AccessAdvancedSearch(Search.java:9)
	at Search.AccessAdvancedSearch(Search.java:9)
	at Search.AccessAdvancedSearch(Search.java:9)
	at Search.AccessAdvancedSearch(Search.java:9)
	at Search.AccessAdvancedSearch(Search.java:9)
	at Search.AccessAdvancedSearch(Search.java:9)
	at Search.AccessAdvancedSearch(Search.java:9)
	at Search.AccessAdvancedSearch(Search.java:9)
	at Search.AccessAdvancedSearch(Search.java:9)
	at Search.AccessAdvancedSearch(Search.java:9)
	at Search.AccessAdvancedSearch(Search.java:9)
	at Search.AccessAdvancedSearch(Search.java:9)
	at Search.AccessAdvancedSearch(Search.java:9)
	at Search.AccessAdvancedSearch(Search.java:9)
	at Search.AccessAdvancedSearch(Search.java:9)
	at Search.AccessAdvancedSearch(Search.java:9)
	at Search.AccessAdvancedSearch(Search.java:9)
	at Search.AccessAdvancedSearch(Search.java:9)
	at Search.AccessAdvancedSearch(Search.java:9)
	at Search.AccessAdvancedSearch(Search.java:9)
	at Search.AccessAdvancedSearch(Search.java:9)
	at Search.AccessAdvancedSearch(Search.java:9)
	at Search.AccessAdvancedSearch(Search.java:9)
	at Search.AccessAdvancedSearch(Search.java:9)
	at Search.AccessAdvancedSearch(Search.java:9)
	at Search.AccessAdvancedSearch(Search.java:9)
	at Search.AccessAdvancedSearch(Search.java:9)
	at Search.AccessAdvancedSearch(Search.java:9)
	at Search.AccessAdvancedSearch(Search.java:9)
	at Search.AccessAdvancedSearch(Search.java:9)
	at Search.AccessAdvancedSearch(Search.java:9)
	at Search.AccessAdvancedSearch(Search.java:9)
	at Search.AccessAdvancedSearch(Search.java:9)
	at Search.AccessAdvancedSearch(Search.java:9)
	at Search.AccessAdvancedSearch(Search.java:9)
	at Search.AccessAdvancedSearch(Search.java:9)
	at Search.AccessAdvancedSearch(Search.java:9)
	at Search.AccessAdvancedSearch(Search.java:9)
	at Search.AccessAdvancedSearch(Search.java:9)
	at Search.AccessAdvancedSearch(Search.java:9)
	at Search.AccessAdvancedSearch(Search.java:9)
	at Search.AccessAdvancedSearch(Search.java:9)
	at Search.AccessAdvancedSearch(Search.java:9)
	at Search.AccessAdvancedSearch(Search.java:9)
	at Search.AccessAdvancedSearch(Search.java:9)
	at Search.AccessAdvancedSearch(Search.java:9)
	at Search.AccessAdvancedSearch(Search.java:9)
	at Search.AccessAdvancedSearch(Search.java:9)
	at Search.AccessAdvancedSearch(Search.java:9)
	at Search.AccessAdvancedSearch(Search.java:9)
	at Search.AccessAdvancedSearch(Search.java:9)
	at Search.AccessAdvancedSearch(Search.java:9)
	at Search.AccessAdvancedSearch(Search.java:9)
	at Search.AccessAdvancedSearch(Search.java:9)
	at Search.AccessAdvancedSearch(Search.java:9)
	at Search.AccessAdvancedSearch(Search.java:9)
	at Search.AccessAdvancedSearch(Search.java:9)
	at Search.AccessAdvancedSearch(Search.java:9)
	at Search.AccessAdvancedSearch(Search.java:9)
	at Search.AccessAdvancedSearch(Search.java:9)
	at Search.AccessAdvancedSearch(Search.java:9)
	at Search.AccessAdvancedSearch(Search.java:9)
	at Search.AccessAdvancedSearch(Search.java:9)
	at Search.AccessAdvancedSearch(Search.java:9)
	at Search.AccessAdvancedSearch(Search.java:9)
	at Search.AccessAdvancedSearch(Search.java:9)
	at Search.AccessAdvancedSearch(Search.java:9)
	at Search.AccessAdvancedSearch(Search.java:9)
	at Search.AccessAdvancedSearch(Search.java:9)
	at Search.AccessAdvancedSearch(Search.java:9)
	at Search.AccessAdvancedSearch(Search.java:9)
	at Search.AccessAdvancedSearch(Search.java:9)
	at Search.AccessAdvancedSearch(Search.java:9)
	at Search.AccessAdvancedSearch(Search.java:9)
	at Search.AccessAdvancedSearch(Search.java:9)
	at Search.AccessAdvancedSearch(Search.java:9)
	at Search.AccessAdvancedSearch(Search.java:9)
	at Search.AccessAdvancedSearch(Search.java:9)
	at Search.AccessAdvancedSearch(Search.java:9)
	at Search.AccessAdvancedSearch(Search.java:9)
	at Search.AccessAdvancedSearch(Search.java:9)
	at Search.AccessAdvancedSearch(Search.java:9)
	at Search.AccessAdvancedSearch(Search.java:9)
	at Search.AccessAdvancedSearch(Search.java:9)
	at Search.AccessAdvancedSearch(Search.java:9)
	at Search.AccessAdvancedSearch(Search.java:9)
	at Search.AccessAdvancedSearch(Search.java:9)
	at Search.AccessAdvancedSearch(Search.java:9)
	at Search.AccessAdvancedSearch(Search.java:9)
	at Search.AccessAdvancedSearch(Search.java:9)
	at Search.AccessAdvancedSearch(Search.java:9)
	at Search.AccessAdvancedSearch(Search.java:9)
	at Search.AccessAdvancedSearch(Search.java:9)
	at Search.AccessAdvancedSearch(Search.java:9)
	at Search.AccessAdvancedSearch(Search.java:9)
	at Search.AccessAdvancedSearch(Search.java:9)
	at Search.AccessAdvancedSearch(Search.java:9)
	at Search.AccessAdvancedSearch(Search.java:9)
	at Search.AccessAdvancedSearch(Search.java:9)
	at Search.AccessAdvancedSearch(Search.java:9)
	at Search.AccessAdvancedSearch(Search.java:9)
	at Search.AccessAdvancedSearch(Search.java:9)
	at Search.AccessAdvancedSearch(Search.java:9)
	at Search.AccessAdvancedSearch(Search.java:9)
	at Search.AccessAdvancedSearch(Search.java:9)
	at Search.AccessAdvancedSearch(Search.java:9)
	at Search.AccessAdvancedSearch(Search.java:9)
	at Search.AccessAdvancedSearch(Search.java:9)
	at Search.AccessAdvancedSearch(Search.java:9)
	at Search.AccessAdvancedSearch(Search.java:9)
	at Search.AccessAdvancedSearch(Search.java:9)
	at Search.AccessAdvancedSearch(Search.java:9)
	at Search.AccessAdvancedSearch(Search.java:9)
	at Search.AccessAdvancedSearch(Search.java:9)
	at Search.AccessAdvancedSearch(Search.java:9)
	at Search.AccessAdvancedSearch(Search.java:9)
	at Search.AccessAdvancedSearch(Search.java:9)
	at Search.AccessAdvancedSearch(Search.java:9)
	at Search.AccessAdvancedSearch(Search.java:9)
	at Search.AccessAdvancedSearch(Search.java:9)
	at Search.AccessAdvancedSearch(Search.java:9)
	at Search.AccessAdvancedSearch(Search.java:9)
	at Search.AccessAdvancedSearch(Search.java:9)
	at Search.AccessAdvancedSearch(Search.java:9)
	at Search.AccessAdvancedSearch(Search.java:9)
	at Search.AccessAdvancedSearch(Search.java:9)
	at Search.AccessAdvancedSearch(Search.java:9)
	at Search.AccessAdvancedSearch(Search.java:9)
	at Search.AccessAdvancedSearch(Search.java:9)
	at Search.AccessAdvancedSearch(Search.java:9)
	at Search.AccessAdvancedSearch(Search.java:9)
	at Search.AccessAdvancedSearch(Search.java:9)
	at Search.AccessAdvancedSearch(Search.java:9)
	at Search.AccessAdvancedSearch(Search.java:9)
	at Search.AccessAdvancedSearch(Search.java:9)
	at Search.AccessAdvancedSearch(Search.java:9)
	at Search.AccessAdvancedSearch(Search.java:9)
	at Search.AccessAdvancedSearch(Search.java:9)
	at Search.AccessAdvancedSearch(Search.java:9)
	at Search.AccessAdvancedSearch(Search.java:9)
	at Search.AccessAdvancedSearch(Search.java:9)
	at Search.AccessAdvancedSearch(Search.java:9)
	at Search.AccessAdvancedSearch(Search.java:9)
	at Search.AccessAdvancedSearch(Search.java:9)
	at Search.AccessAdvancedSearch(Search.java:9)
	at Search.AccessAdvancedSearch(Search.java:9)
	at Search.AccessAdvancedSearch(Search.java:9)
	at Search.AccessAdvancedSearch(Search.java:9)
	at Search.AccessAdvancedSearch(Search.java:9)
	at Search.AccessAdvancedSearch(Search.java:9)
	at Search.AccessAdvancedSearch(Search.java:9)
	at Search.AccessAdvancedSearch(Search.java:9)
	at Search.AccessAdvancedSearch(Search.java:9)
	at Search.AccessAdvancedSearch(Search.java:9)
	at Search.AccessAdvancedSearch(Search.java:9)
	at Search.AccessAdvancedSearch(Search.java:9)
	at Search.AccessAdvancedSearch(Search.java:9)
	at Search.AccessAdvancedSearch(Search.java:9)
	at Search.AccessAdvancedSearch(Search.java:9)
	at Search.AccessAdvancedSearch(Search.java:9)
	at Search.AccessAdvancedSearch(Search.java:9)
	at Search.AccessAdvancedSearch(Search.java:9)
	at Search.AccessAdvancedSearch(Search.java:9)
	at Search.AccessAdvancedSearch(Search.java:9)
	at Search.AccessAdvancedSearch(Search.java:9)
	at Search.AccessAdvancedSearch(Search.java:9)
	at Search.AccessAdvancedSearch(Search.java:9)
	at Search.AccessAdvancedSearch(Search.java:9)
	at Search.AccessAdvancedSearch(Search.java:9)
	at Search.AccessAdvancedSearch(Search.java:9)
	at Search.AccessAdvancedSearch(Search.java:9)
	at Search.AccessAdvancedSearch(Search.java:9)
	at Search.AccessAdvancedSearch(Search.java:9)
	at Search.AccessAdvancedSearch(Search.java:9)
	at Search.AccessAdvancedSearch(Search.java:9)
	at Search.AccessAdvancedSearch(Search.java:9)
	at Search.AccessAdvancedSearch(Search.java:9)
	at Search.AccessAdvancedSearch(Search.java:9)
	at Search.AccessAdvancedSearch(Search.java:9)
	at Search.AccessAdvancedSearch(Search.java:9)
	at Search.AccessAdvancedSearch(Search.java:9)
	at Search.AccessAdvancedSearch(Search.java:9)
	at Search.AccessAdvancedSearch(Search.java:9)
	at Search.AccessAdvancedSearch(Search.java:9)
	at Search.AccessAdvancedSearch(Search.java:9)
	at Search.AccessAdvancedSearch(Search.java:9)
	at Search.AccessAdvancedSearch(Search.java:9)
	at Search.AccessAdvancedSearch(Search.java:9)
	at Search.AccessAdvancedSearch(Search.java:9)
	at Search.AccessAdvancedSearch(Search.java:9)
	at Search.AccessAdvancedSearch(Search.java:9)
	at Search.AccessAdvancedSearch(Search.java:9)
	at Search.AccessAdvancedSearch(Search.java:9)
	at Search.AccessAdvancedSearch(Search.java:9)
	at Search.AccessAdvancedSearch(Search.java:9)
	at Search.AccessAdvancedSearch(Search.java:9)
	at Search.AccessAdvancedSearch(Search.java:9)
	at Search.AccessAdvancedSearch(Search.java:9)
	at Search.AccessAdvancedSearch(Search.java:9)
	at Search.AccessAdvancedSearch(Search.java:9)
	at Search.AccessAdvancedSearch(Search.java:9)
	at Search.AccessAdvancedSearch(Search.java:9)
	at Search.AccessAdvancedSearch(Search.java:9)
	at Search.AccessAdvancedSearch(Search.java:9)
	at Search.AccessAdvancedSearch(Search.java:9)
	at Search.AccessAdvancedSearch(Search.java:9)
	at Search.AccessAdvancedSearch(Search.java:9)
	at Search.AccessAdvancedSearch(Search.java:9)
	at Search.AccessAdvancedSearch(Search.java:9)
	at Search.AccessAdvancedSearch(Search.java:9)
	at Search.AccessAdvancedSearch(Search.java:9)
	at Search.AccessAdvancedSearch(Search.java:9)
	at Search.AccessAdvancedSearch(Search.java:9)
	at Search.AccessAdvancedSearch(Search.java:9)
	at Search.AccessAdvancedSearch(Search.java:9)
	at Search.AccessAdvancedSearch(Search.java:9)
	at Search.AccessAdvancedSearch(Search.java:9)
	at Search.AccessAdvancedSearch(Search.java:9)
	at Search.AccessAdvancedSearch(Search.java:9)
	at Search.AccessAdvancedSearch(Search.java:9)
	at Search.AccessAdvancedSearch(Search.java:9)
	at Search.AccessAdvancedSearch(Search.java:9)
	at Search.AccessAdvancedSearch(Search.java:9)
	at Search.AccessAdvancedSearch(Search.java:9)
	at Search.AccessAdvancedSearch(Search.java:9)
	at Search.AccessAdvancedSearch(Search.java:9)
	at Search.AccessAdvancedSearch(Search.java:9)
	at Search.AccessAdvancedSearch(Search.java:9)
	at Search.AccessAdvancedSearch(Search.java:9)
	at Search.AccessAdvancedSearch(Search.java:9)
	at Search.AccessAdvancedSearch(Search.java:9)
	at Search.AccessAdvancedSearch(Search.java:9)
	at Search.AccessAdvancedSearch(Search.java:9)
	at Search.AccessAdvancedSearch(Search.java:9)
	at Search.AccessAdvancedSearch(Search.java:9)
	at Search.AccessAdvancedSearch(Search.java:9)
	at Search.AccessAdvancedSearch(Search.java:9)
	at Search.AccessAdvancedSearch(Search.java:9)
	at Search.AccessAdvancedSearch(Search.java:9)
	at Search.AccessAdvancedSearch(Search.java:9)
	at Search.AccessAdvancedSearch(Search.java:9)
	at Search.AccessAdvancedSearch(Search.java:9)
	at Search.AccessAdvancedSearch(Search.java:9)
	at Search.AccessAdvancedSearch(Search.java:9)
	at Search.AccessAdvancedSearch(Search.java:9)
	at Search.AccessAdvancedSearch(Search.java:9)
	at Search.AccessAdvancedSearch(Search.java:9)
	at Search.AccessAdvancedSearch(Search.java:9)
	at Search.AccessAdvancedSearch(Search.java:9)
	at Search.AccessAdvancedSearch(Search.java:9)
	at Search.AccessAdvancedSearch(Search.java:9)
	at Search.AccessAdvancedSearch(Search.java:9)
	at Search.AccessAdvancedSearch(Search.java:9)
	at Search.AccessAdvancedSearch(Search.java:9)
	at Search.AccessAdvancedSearch(Search.java:9)
	at Search.AccessAdvancedSearch(Search.java:9)
	at Search.AccessAdvancedSearch(Search.java:9)
	at Search.AccessAdvancedSearch(Search.java:9)
	at Search.AccessAdvancedSearch(Search.java:9)
	at Search.AccessAdvancedSearch(Search.java:9)
	at Search.AccessAdvancedSearch(Search.java:9)
	at Search.AccessAdvancedSearch(Search.java:9)
	at Search.AccessAdvancedSearch(Search.java:9)
	at Search.AccessAdvancedSearch(Search.java:9)
	at Search.AccessAdvancedSearch(Search.java:9)
	at Search.AccessAdvancedSearch(Search.java:9)
	at Search.AccessAdvancedSearch(Search.java:9)
	at Search.AccessAdvancedSearch(Search.java:9)
	at Search.AccessAdvancedSearch(Search.java:9)
	at Search.AccessAdvancedSearch(Search.java:9)
	at Search.AccessAdvancedSearch(Search.java:9)
	at Search.AccessAdvancedSearch(Search.java:9)
	at Search.AccessAdvancedSearch(Search.java:9)
	at Search.AccessAdvancedSearch(Search.java:9)
	at Search.AccessAdvancedSearch(Search.java:9)
	at Search.AccessAdvancedSearch(Search.java:9)
	at Search.AccessAdvancedSearch(Search.java:9)
	at Search.AccessAdvancedSearch(Search.java:9)
	at Search.AccessAdvancedSearch(Search.java:9)
	at Search.AccessAdvancedSearch(Search.java:9)
	at Search.AccessAdvancedSearch(Search.java:9)
	at Search.AccessAdvancedSearch(Search.java:9)
	at Search.AccessAdvancedSearch(Search.java:9)
	at Search.AccessAdvancedSearch(Search.java:9)
	at Search.AccessAdvancedSearch(Search.java:9)
	at Search.AccessAdvancedSearch(Search.java:9)
	at Search.AccessAdvancedSearch(Search.java:9)
	at Search.AccessAdvancedSearch(Search.java:9)
	at Search.AccessAdvancedSearch(Search.java:9)
	at Search.AccessAdvancedSearch(Search.java:9)
	at Search.AccessAdvancedSearch(Search.java:9)
	at Search.AccessAdvancedSearch(Search.java:9)
	at Search.AccessAdvancedSearch(Search.java:9)
	at Search.AccessAdvancedSearch(Search.java:9)
	at Search.AccessAdvancedSearch(Search.java:9)
	at Search.AccessAdvancedSearch(Search.java:9)
	at Search.AccessAdvancedSearch(Search.java:9)
	at Search.AccessAdvancedSearch(Search.java:9)
	at Search.AccessAdvancedSearch(Search.java:9)
	at Search.AccessAdvancedSearch(Search.java:9)
	at Search.AccessAdvancedSearch(Search.java:9)
	at Search.AccessAdvancedSearch(Search.java:9)
	at Search.AccessAdvancedSearch(Search.java:9)
	at Search.AccessAdvancedSearch(Search.java:9)
	at Search.AccessAdvancedSearch(Search.java:9)
	at Search.AccessAdvancedSearch(Search.java:9)
	at Search.AccessAdvancedSearch(Search.java:9)
	at Search.AccessAdvancedSearch(Search.java:9)
	at Search.AccessAdvancedSearch(Search.java:9)
	at Search.AccessAdvancedSearch(Search.java:9)
	at Search.AccessAdvancedSearch(Search.java:9)
	at Search.AccessAdvancedSearch(Search.java:9)
	at Search.AccessAdvancedSearch(Search.java:9)
	at Search.AccessAdvancedSearch(Search.java:9)
	at Search.AccessAdvancedSearch(Search.java:9)
	at Search.AccessAdvancedSearch(Search.java:9)
	at Search.AccessAdvancedSearch(Search.java:9)
	at Search.AccessAdvancedSearch(Search.java:9)
	at Search.AccessAdvancedSearch(Search.java:9)
	at Search.AccessAdvancedSearch(Search.java:9)
	at Search.AccessAdvancedSearch(Search.java:9)
	at Search.AccessAdvancedSearch(Search.java:9)
	at Search.AccessAdvancedSearch(Search.java:9)
	at Search.AccessAdvancedSearch(Search.java:9)
	at Search.AccessAdvancedSearch(Search.java:9)
	at Search.AccessAdvancedSearch(Search.java:9)
	at Search.AccessAdvancedSearch(Search.java:9)
	at Search.AccessAdvancedSearch(Search.java:9)
	at Search.AccessAdvancedSearch(Search.java:9)
	at Search.AccessAdvancedSearch(Search.java:9)
	at Search.AccessAdvancedSearch(Search.java:9)
	at Search.AccessAdvancedSearch(Search.java:9)
	at Search.AccessAdvancedSearch(Search.java:9)
	at Search.AccessAdvancedSearch(Search.java:9)
	at Search.AccessAdvancedSearch(Search.java:9)
	at Search.AccessAdvancedSearch(Search.java:9)
	at Search.AccessAdvancedSearch(Search.java:9)
	at Search.AccessAdvancedSearch(Search.java:9)
	at Search.AccessAdvancedSearch(Search.java:9)
	at Search.AccessAdvancedSearch(Search.java:9)
	at Search.AccessAdvancedSearch(Search.java:9)
	at Search.AccessAdvancedSearch(Search.java:9)
	at Search.AccessAdvancedSearch(Search.java:9)
	at Search.AccessAdvancedSearch(Search.java:9)
	at Search.AccessAdvancedSearch(Search.java:9)
	at Search.AccessAdvancedSearch(Search.java:9)
	at Search.AccessAdvancedSearch(Search.java:9)
	at Search.AccessAdvancedSearch(Search.java:9)
	at Search.AccessAdvancedSearch(Search.java:9)
	at Search.AccessAdvancedSearch(Search.java:9)
	at Search.AccessAdvancedSearch(Search.java:9)
	at Search.AccessAdvancedSearch(Search.java:9)
	at Search.AccessAdvancedSearch(Search.java:9)
	at Search.AccessAdvancedSearch(Search.java:9)
	at Search.AccessAdvancedSearch(Search.java:9)
	at Search.AccessAdvancedSearch(Search.java:9)
	at Search.AccessAdvancedSearch(Search.java:9)
	at Search.AccessAdvancedSearch(Search.java:9)
	at Search.AccessAdvancedSearch(Search.java:9)
	at Search.AccessAdvancedSearch(Search.java:9)
	at Search.AccessAdvancedSearch(Search.java:9)
	at Search.AccessAdvancedSearch(Search.java:9)
	at Search.AccessAdvancedSearch(Search.java:9)
	at Search.AccessAdvancedSearch(Search.java:9)
	at Search.AccessAdvancedSearch(Search.java:9)
	at Search.AccessAdvancedSearch(Search.java:9)
	at Search.AccessAdvancedSearch(Search.java:9)
	at Search.AccessAdvancedSearch(Search.java:9)
	at Search.AccessAdvancedSearch(Search.java:9)
	at Search.AccessAdvancedSearch(Search.java:9)
	at Search.AccessAdvancedSearch(Search.java:9)
	at Search.AccessAdvancedSearch(Search.java:9)
	at Search.AccessAdvancedSearch(Search.java:9)
	at Search.AccessAdvancedSearch(Search.java:9)
	at Search.AccessAdvancedSearch(Search.java:9)
	at Search.AccessAdvancedSearch(Search.java:9)
	at Search.AccessAdvancedSearch(Search.java:9)
	at Search.AccessAdvancedSearch(Search.java:9)
	at Search.AccessAdvancedSearch(Search.java:9)
	at Search.AccessAdvancedSearch(Search.java:9)
	at Search.AccessAdvancedSearch(Search.java:9)
	at Search.AccessAdvancedSearch(Search.java:9)
	at Search.AccessAdvancedSearch(Search.java:9)
	at Search.AccessAdvancedSearch(Search.java:9)
	at Search.AccessAdvancedSearch(Search.java:9)
	at Search.AccessAdvancedSearch(Search.java:9)
	at Search.AccessAdvancedSearch(Search.java:9)
	at Search.AccessAdvancedSearch(Search.java:9)
	at Search.AccessAdvancedSearch(Search.java:9)
	at Search.AccessAdvancedSearch(Search.java:9)
	at Search.AccessAdvancedSearch(Search.java:9)
	at Search.AccessAdvancedSearch(Search.java:9)
	at Search.AccessAdvancedSearch(Search.java:9)
	at Search.AccessAdvancedSearch(Search.java:9)
	at Search.AccessAdvancedSearch(Search.java:9)
	at Search.AccessAdvancedSearch(Search.java:9)
	at Search.AccessAdvancedSearch(Search.java:9)
	at Search.AccessAdvancedSearch(Search.java:9)
	at Search.AccessAdvancedSearch(Search.java:9)
	at Search.AccessAdvancedSearch(Search.java:9)
	at Search.AccessAdvancedSearch(Search.java:9)
	at Search.AccessAdvancedSearch(Search.java:9)
	at Search.AccessAdvancedSearch(Search.java:9)
	at Search.AccessAdvancedSearch(Search.java:9)
	at Search.AccessAdvancedSearch(Search.java:9)
	at Search.AccessAdvancedSearch(Search.java:9)
	at Search.AccessAdvancedSearch(Search.java:9)
	at Search.AccessAdvancedSearch(Search.java:9)
	at Search.AccessAdvancedSearch(Search.java:9)
	at Search.AccessAdvancedSearch(Search.java:9)
	at Search.AccessAdvancedSearch(Search.java:9)
	at Search.AccessAdvancedSearch(Search.java:9)
	at Search.AccessAdvancedSearch(Search.java:9)
	at Search.AccessAdvancedSearch(Search.java:9)
	at Search.AccessAdvancedSearch(Search.java:9)
	at Search.AccessAdvancedSearch(Search.java:9)
	at Search.AccessAdvancedSearch(Search.java:9)
	at Search.AccessAdvancedSearch(Search.java:9)
	at Search.AccessAdvancedSearch(Search.java:9)
	at Search.AccessAdvancedSearch(Search.java:9)
	at Search.AccessAdvancedSearch(Search.java:9)
	at Search.AccessAdvancedSearch(Search.java:9)
	at Search.AccessAdvancedSearch(Search.java:9)
	at Search.AccessAdvancedSearch(Search.java:9)
	at Search.AccessAdvancedSearch(Search.java:9)
	at Search.AccessAdvancedSearch(Search.java:9)
	at Search.AccessAdvancedSearch(Search.java:9)
	at Search.AccessAdvancedSearch(Search.java:9)
	at Search.AccessAdvancedSearch(Search.java:9)
	at Search.AccessAdvancedSearch(Search.java:9)
	at Search.AccessAdvancedSearch(Search.java:9)
	at Search.AccessAdvancedSearch(Search.java:9)
	at Search.AccessAdvancedSearch(Search.java:9)
	at Search.AccessAdvancedSearch(Search.java:9)
	at Search.AccessAdvancedSearch(Search.java:9)
	at Search.AccessAdvancedSearch(Search.java:9)
	at Search.AccessAdvancedSearch(Search.java:9)
	at Search.AccessAdvancedSearch(Search.java:9)
	at Search.AccessAdvancedSearch(Search.java:9)
	at Search.AccessAdvancedSearch(Search.java:9)
	at Search.AccessAdvancedSearch(Search.java:9)
	at Search.AccessAdvancedSearch(Search.java:9)
	at Search.AccessAdvancedSearch(Search.java:9)
	at Search.AccessAdvancedSearch(Search.java:9)
	at Search.AccessAdvancedSearch(Search.java:9)
	at Search.AccessAdvancedSearch(Search.java:9)
	at Search.AccessAdvancedSearch(Search.java:9)
	at Search.AccessAdvancedSearch(Search.java:9)
	at Search.AccessAdvancedSearch(Search.java:9)
	at Search.AccessAdvancedSearch(Search.java:9)
	at Search.AccessAdvancedSearch(Search.java:9)
	at Search.AccessAdvancedSearch(Search.java:9)
	at Search.AccessAdvancedSearch(Search.java:9)
	at Search.AccessAdvancedSearch(Search.java:9)
	at Search.AccessAdvancedSearch(Search.java:9)
	at Search.AccessAdvancedSearch(Search.java:9)
	at Search.AccessAdvancedSearch(Search.java:9)
	at Search.AccessAdvancedSearch(Search.java:9)
	at Search.AccessAdvancedSearch(Search.java:9)
	at Search.AccessAdvancedSearch(Search.java:9)
	at Search.AccessAdvancedSearch(Search.java:9)
	at Search.AccessAdvancedSearch(Search.java:9)
	at Search.AccessAdvancedSearch(Search.java:9)
	at Search.AccessAdvancedSearch(Search.java:9)
	at Search.AccessAdvancedSearch(Search.java:9)
	at Search.AccessAdvancedSearch(Search.java:9)
	at Search.AccessAdvancedSearch(Search.java:9)
	at Search.AccessAdvancedSearch(Search.java:9)
	at Search.AccessAdvancedSearch(Search.java:9)
	at Search.AccessAdvancedSearch(Search.java:9)
	at Search.AccessAdvancedSearch(Search.java:9)
	at Search.AccessAdvancedSearch(Search.java:9)
	at Search.AccessAdvancedSearch(Search.java:9)
	at Search.AccessAdvancedSearch(Search.java:9)
	at Search.AccessAdvancedSearch(Search.java:9)
	at Search.AccessAdvancedSearch(Search.java:9)
	at Search.AccessAdvancedSearch(Search.java:9)
	at Search.AccessAdvancedSearch(Search.java:9)
	at Search.AccessAdvancedSearch(Search.java:9)
	at Search.AccessAdvancedSearch(Search.java:9)
	at Search.AccessAdvancedSearch(Search.java:9)
	at Search.AccessAdvancedSearch(Search.java:9)
	at Search.AccessAdvancedSearch(Search.java:9)
	at Search.AccessAdvancedSearch(Search.java:9)
	at Search.AccessAdvancedSearch(Search.java:9)
	at Search.AccessAdvancedSearch(Search.java:9)
	at Search.AccessAdvancedSearch(Search.java:9)
	at Search.AccessAdvancedSearch(Search.java:9)
	at Search.AccessAdvancedSearch(Search.java:9)
	at Search.AccessAdvancedSearch(Search.java:9)
	at Search.AccessAdvancedSearch(Search.java:9)
	at Search.AccessAdvancedSearch(Search.java:9)
	at Search.AccessAdvancedSearch(Search.java:9)
	at Search.AccessAdvancedSearch(Search.java:9)
	at Search.AccessAdvancedSearch(Search.java:9)
	at Search.AccessAdvancedSearch(Search.java:9)
	at Search.AccessAdvancedSearch(Search.java:9)
	at Search.AccessAdvancedSearch(Search.java:9)
	at Search.AccessAdvancedSearch(Search.java:9)
	at Search.AccessAdvancedSearch(Search.java:9)
	at Search.AccessAdvancedSearch(Search.java:9)
	at Search.AccessAdvancedSearch(Search.java:9)
	at Search.AccessAdvancedSearch(Search.java:9)
	at Search.AccessAdvancedSearch(Search.java:9)
	at Search.AccessAdvancedSearch(Search.java:9)
	at Search.AccessAdvancedSearch(Search.java:9)
	at Search.AccessAdvancedSearch(Search.java:9)
	at Search.AccessAdvancedSearch(Search.java:9)
	at Search.AccessAdvancedSearch(Search.java:9)
	at Search.AccessAdvancedSearch(Search.java:9)
	at Search.AccessAdvancedSearch(Search.java:9)
	at Search.AccessAdvancedSearch(Search.java:9)
	at Search.AccessAdvancedSearch(Search.java:9)
	at Search.AccessAdvancedSearch(Search.java:9)
	at Search.AccessAdvancedSearch(Search.java:9)
	at Search.AccessAdvancedSearch(Search.java:9)
	at Search.AccessAdvancedSearch(Search.java:9)
	at Search.AccessAdvancedSearch(Search.java:9)
	at Search.AccessAdvancedSearch(Search.java:9)
	at Search.AccessAdvancedSearch(Search.java:9)
	at Search.AccessAdvancedSearch(Search.java:9)
	at Search.AccessAdvancedSearch(Search.java:9)
	at Search.AccessAdvancedSearch(Search.java:9)
	at Search.AccessAdvancedSearch(Search.java:9)
	at Search.AccessAdvancedSearch(Search.java:9)
	at Search.AccessAdvancedSearch(Search.java:9)
	at Search.AccessAdvancedSearch(Search.java:9)
	at Search.AccessAdvancedSearch(Search.java:9)
	at Search.AccessAdvancedSearch(Search.java:9)
	at Search.AccessAdvancedSearch(Search.java:9)
	at Search.AccessAdvancedSearch(Search.java:9)
	at Search.AccessAdvancedSearch(Search.java:9)
	at Search.AccessAdvancedSearch(Search.java:9)
	at Search.AccessAdvancedSearch(Search.java:9)
	at Search.AccessAdvancedSearch(Search.java:9)
	at Search.AccessAdvancedSearch(Search.java:9)
	at Search.AccessAdvancedSearch(Search.java:9)
	at Search.AccessAdvancedSearch(Search.java:9)
	at Search.AccessAdvancedSearch(Search.java:9)
	at Search.AccessAdvancedSearch(Search.java:9)
	at Search.AccessAdvancedSearch(Search.java:9)
	at Search.AccessAdvancedSearch(Search.java:9)
	at Search.AccessAdvancedSearch(Search.java:9)
	at Search.AccessAdvancedSearch(Search.java:9)
	at Search.AccessAdvancedSearch(Search.java:9)
	at Search.AccessAdvancedSearch(Search.java:9)
	at Search.AccessAdvancedSearch(Search.java:9)
	at Search.AccessAdvancedSearch(Search.java:9)
	at Search.AccessAdvancedSearch(Search.java:9)
	at Search.AccessAdvancedSearch(Search.java:9)
	at Search.AccessAdvancedSearch(Search.java:9)
	at Search.AccessAdvancedSearch(Search.java:9)
	at Search.AccessAdvancedSearch(Search.java:9)
	at Search.AccessAdvancedSearch(Search.java:9)
	at Search.AccessAdvancedSearch(Search.java:9)
	at Search.AccessAdvancedSearch(Search.java:9)
	at Search.AccessAdvancedSearch(Search.java:9)
	at Search.AccessAdvancedSearch(Search.java:9)
	at Search.AccessAdvancedSearch(Search.java:9)
	at Search.AccessAdvancedSearch(Search.java:9)
	at Search.AccessAdvancedSearch(Search.java:9)
	at Search.AccessAdvancedSearch(Search.java:9)
	at Search.AccessAdvancedSearch(Search.java:9)
	at Search.AccessAdvancedSearch(Search.java:9)
	at Search.AccessAdvancedSearch(Search.java:9)
	at Search.AccessAdvancedSearch(Search.java:9)
	at Search.AccessAdvancedSearch(Search.java:9)
	at Search.AccessAdvancedSearch(Search.java:9)
	at Search.AccessAdvancedSearch(Search.java:9)
	at Search.AccessAdvancedSearch(Search.java:9)
	at Search.AccessAdvancedSearch(Search.java:9)
	at Search.AccessAdvancedSearch(Search.java:9)
	at Search.AccessAdvancedSearch(Search.java:9)
	at Search.AccessAdvancedSearch(Search.java:9)
	at Search.AccessAdvancedSearch(Search.java:9)
	at Search.AccessAdvancedSearch(Search.java:9)
	at Search.AccessAdvancedSearch(Search.java:9)
	at Search.AccessAdvancedSearch(Search.java:9)
	at Search.AccessAdvancedSearch(Search.java:9)
	at Search.AccessAdvancedSearch(Search.java:9)
	at Search.AccessAdvancedSearch(Search.java:9)
	at Search.AccessAdvancedSearch(Search.java:9)
	at Search.AccessAdvancedSearch(Search.java:9)
	at Search.AccessAdvancedSearch(Search.java:9)
	at Search.AccessAdvancedSearch(Search.java:9)
	at Search.AccessAdvancedSearch(Search.java:9)
	at Search.AccessAdvancedSearch(Search.java:9)
	at Search.AccessAdvancedSearch(Search.java:9)
	at Search.AccessAdvancedSearch(Search.java:9)
	at Search.AccessAdvancedSearch(Search.java:9)
	at Search.AccessAdvancedSearch(Search.java:9)
	at Search.AccessAdvancedSearch(Search.java:9)
	at Search.AccessAdvancedSearch(Search.java:9)
	at Search.AccessAdvancedSearch(Search.java:9)
	at Search.AccessAdvancedSearch(Search.java:9)
	at Search.AccessAdvancedSearch(Search.java:9)
	at Search.AccessAdvancedSearch(Search.java:9)
	at Search.AccessAdvancedSearch(Search.java:9)
	at Search.AccessAdvancedSearch(Search.java:9)
	at Search.AccessAdvancedSearch(Search.java:9)
	at Search.AccessAdvancedSearch(Search.java:9)
	at Search.AccessAdvancedSearch(Search.java:9)
	at Search.AccessAdvancedSearch(Search.java:9)
	at Search.AccessAdvancedSearch(Search.java:9)
	at Search.AccessAdvancedSearch(Search.java:9)
	at Search.AccessAdvancedSearch(Search.java:9)
	at Search.AccessAdvancedSearch(Search.java:9)
	at Search.AccessAdvancedSearch(Search.java:9)
	at Search.AccessAdvancedSearch(Search.java:9)
	at Search.AccessAdvancedSearch(Search.java:9)
	at Search.AccessAdvancedSearch(Search.java:9)
	at Search.AccessAdvancedSearch(Search.java:9)
	at Search.AccessAdvancedSearch(Search.java:9)
	at Search.AccessAdvancedSearch(Search.java:9)
	at Search.AccessAdvancedSearch(Search.java:9)
	at Search.AccessAdvancedSearch(Search.java:9)
	at Search.AccessAdvancedSearch(Search.java:9)
	at Search.AccessAdvancedSearch(Search.java:9)
	at Search.AccessAdvancedSearch(Search.java:9)
	at Search.AccessAdvancedSearch(Search.java:9)
	at Search.AccessAdvancedSearch(Search.java:9)
	at Search.AccessAdvancedSearch(Search.java:9)
	at Search.AccessAdvancedSearch(Search.java:9)
	at Search.AccessAdvancedSearch(Search.java:9)
	at Search.AccessAdvancedSearch(Search.java:9)
	at Search.AccessAdvancedSearch(Search.java:9)
	at Search.AccessAdvancedSearch(Search.java:9)
	at Search.AccessAdvancedSearch(Search.java:9)
	at Search.AccessAdvancedSearch(Search.java:9)
	at Search.AccessAdvancedSearch(Search.java:9)
	at Search.AccessAdvancedSearch(Search.java:9)
	at Search.AccessAdvancedSearch(Search.java:9)
	at Search.AccessAdvancedSearch(Search.java:9)
	at Search.AccessAdvancedSearch(Search.java:9)
	at Search.AccessAdvancedSearch(Search.java:9)
	at Search.AccessAdvancedSearch(Search.java:9)
	at Search.AccessAdvancedSearch(Search.java:9)
	at Search.AccessAdvancedSearch(Search.java:9)
	at Search.AccessAdvancedSearch(Search.java:9)
	at Search.AccessAdvancedSearch(Search.java:9)
	at Search.AccessAdvancedSearch(Search.java:9)
	at Search.AccessAdvancedSearch(Search.java:9)
	at Search.AccessAdvancedSearch(Search.java:9)
	at Search.AccessAdvancedSearch(Search.java:9)
	at Search.AccessAdvancedSearch(Search.java:9)
	at Search.AccessAdvancedSearch(Search.java:9)
	at Search.AccessAdvancedSearch(Search.java:9)
	at Search.AccessAdvancedSearch(Search.java:9)
	at Search.AccessAdvancedSearch(Search.java:9)
	at Search.AccessAdvancedSearch(Search.java:9)
	at Search.AccessAdvancedSearch(Search.java:9)
	at Search.AccessAdvancedSearch(Search.java:9)
	at Search.AccessAdvancedSearch(Search.java:9)
	at Search.AccessAdvancedSearch(Search.java:9)
	at Search.AccessAdvancedSearch(Search.java:9)
	at Search.AccessAdvancedSearch(Search.java:9)
	at Search.AccessAdvancedSearch(Search.java:9)
	at Search.AccessAdvancedSearch(Search.java:9)
	at Search.AccessAdvancedSearch(Search.java:9)
	at Search.AccessAdvancedSearch(Search.java:9)
	at Search.AccessAdvancedSearch(Search.java:9)
	at Search.AccessAdvancedSearch(Search.java:9)
	at Search.AccessAdvancedSearch(Search.java:9)
	at Search.AccessAdvancedSearch(Search.java:9)
	at Search.AccessAdvancedSearch(Search.java:9)
	at Search.AccessAdvancedSearch(Search.java:9)
	at Search.AccessAdvancedSearch(Search.java:9)
	at Search.AccessAdvancedSearch(Search.java:9)
	at Search.AccessAdvancedSearch(Search.java:9)
	at Search.AccessAdvancedSearch(Search.java:9)
	at Search.AccessAdvancedSearch(Search.java:9)
	at Search.AccessAdvancedSearch(Search.java:9)
	at Search.AccessAdvancedSearch(Search.java:9)
	at Search.AccessAdvancedSearch(Search.java:9)
	at Search.AccessAdvancedSearch(Search.java:9)
	at Search.AccessAdvancedSearch(Search.java:9)
	at Search.AccessAdvancedSearch(Search.java:9)
	at Search.AccessAdvancedSearch(Search.java:9)
	at Search.AccessAdvancedSearch(Search.java:9)
	at Search.AccessAdvancedSearch(Search.java:9)
	at Search.AccessAdvancedSearch(Search.java:9)
	at Search.AccessAdvancedSearch(Search.java:9)
	at Search.AccessAdvancedSearch(Search.java:9)
	at Search.AccessAdvancedSearch(Search.java:9)
	at Search.AccessAdvancedSearch(Search.java:9)
	at Search.AccessAdvancedSearch(Search.java:9)
	at Search.AccessAdvancedSearch(Search.java:9)
	at Search.AccessAdvancedSearch(Search.java:9)
	at Search.AccessAdvancedSearch(Search.java:9)
	at Search.AccessAdvancedSearch(Search.java:9)
	at Search.AccessAdvancedSearch(Search.java:9)
	at Search.AccessAdvancedSearch(Search.java:9)
	at Search.AccessAdvancedSearch(Search.java:9)
	at Search.AccessAdvancedSearch(Search.java:9)
	at Search.AccessAdvancedSearch(Search.java:9)
	at Search.AccessAdvancedSearch(Search.java:9)
	at Search.AccessAdvancedSearch(Search.java:9)
	at Search.AccessAdvancedSearch(Search.java:9)
	at Search.AccessAdvancedSearch(Search.java:9)
	at Search.AccessAdvancedSearch(Search.java:9)
	at Search.AccessAdvancedSearch(Search.java:9)
	at Search.AccessAdvancedSearch(Search.java:9)
	at Search.AccessAdvancedSearch(Search.java:9)
	at Search.AccessAdvancedSearch(Search.java:9)
	at Search.AccessAdvancedSearch(Search.java:9)
	at Search.AccessAdvancedSearch(Search.java:9)
	at Search.AccessAdvancedSearch(Search.java:9)
	at Search.AccessAdvancedSearch(Search.java:9)
	at Search.AccessAdvancedSearch(Search.java:9)
	at Search.AccessAdvancedSearch(Search.java:9)
	at Search.AccessAdvancedSearch(Search.java:9)
	at Search.AccessAdvancedSearch(Search.java:9)
	at Search.AccessAdvancedSearch(Search.java:9)
	at Search.AccessAdvancedSearch(Search.java:9)
	at Search.AccessAdvancedSearch(Search.java:9)
	at Search.AccessAdvancedSearch(Search.java:9)
	at Search.AccessAdvancedSearch(Search.java:9)
	at Search.AccessAdvancedSearch(Search.java:9)
	at Search.AccessAdvancedSearch(Search.java:9)
	at Search.AccessAdvancedSearch(Search.java:9)
	at Search.AccessAdvancedSearch(Search.java:9)
	at Search.AccessAdvancedSearch(Search.java:9)
	at Search.AccessAdvancedSearch(Search.java:9)
	at Search.AccessAdvancedSearch(Search.java:9)
	at Search.AccessAdvancedSearch(Search.java:9)
	at Search.AccessAdvancedSearch(Search.java:9)
	at Search.AccessAdvancedSearch(Search.java:9)
	at Search.AccessAdvancedSearch(Search.java:9)
	at Search.AccessAdvancedSearch(Search.java:9)
	at Search.AccessAdvancedSearch(Search.java:9)
	at Search.AccessAdvancedSearch(Search.java:9)
	at Search.AccessAdvancedSearch(Search.java:9)
	at Search.AccessAdvancedSearch(Search.java:9)
	at Search.AccessAdvancedSearch(Search.java:9)
	at Search.AccessAdvancedSearch(Search.java:9)
	at Search.AccessAdvancedSearch(Search.java:9)
	at Search.AccessAdvancedSearch(Search.java:9)
	at Search.AccessAdvancedSearch(Search.java:9)
	at Search.AccessAdvancedSearch(Search.java:9)
	at Search.AccessAdvancedSearch(Search.java:9)
	at Search.AccessAdvancedSearch(Search.java:9)
	at Search.AccessAdvancedSearch(Search.java:9)
	at Search.AccessAdvancedSearch(Search.java:9)
	at Search.AccessAdvancedSearch(Search.java:9)
	at Search.AccessAdvancedSearch(Search.java:9)
	at Search.AccessAdvancedSearch(Search.java:9)
	at Search.AccessAdvancedSearch(Search.java:9)
	at Search.AccessAdvancedSearch(Search.java:9)
	at Search.AccessAdvancedSearch(Search.java:9)
	at Search.AccessAdvancedSearch(Search.java:9)
	at Search.AccessAdvancedSearch(Search.java:9)
	at Search.AccessAdvancedSearch(Search.java:9)
	at Search.AccessAdvancedSearch(Search.java:9)
	at Search.AccessAdvancedSearch(Search.java:9)
	at Search.AccessAdvancedSearch(Search.java:9)
	at Search.AccessAdvancedSearch(Search.java:9)
	at Search.AccessAdvancedSearch(Search.java:9)
	at Search.AccessAdvancedSearch(Search.java:9)
	at Search.AccessAdvancedSearch(Search.java:9)
	at Search.AccessAdvancedSearch(Search.java:9)
	at Search.AccessAdvancedSearch(Search.java:9)
	at Search.AccessAdvancedSearch(Search.java:9)
	at Search.AccessAdvancedSearch(Search.java:9)
	at Search.AccessAdvancedSearch(Search.java:9)
	at Search.AccessAdvancedSearch(Search.java:9)
	at Search.AccessAdvancedSearch(Search.java:9)
	at Search.AccessAdvancedSearch(Search.java:9)
	at Search.AccessAdvancedSearch(Search.java:9)
	at Search.AccessAdvancedSearch(Search.java:9)
	at Search.AccessAdvancedSearch(Search.java:9)
	at Search.AccessAdvancedSearch(Search.java:9)
	at Search.AccessAdvancedSearch(Search.java:9)
	at Search.AccessAdvancedSearch(Search.java:9)
	at Search.AccessAdvancedSearch(Search.java:9)
	at Search.AccessAdvancedSearch(Search.java:9)
	at Search.AccessAdvancedSearch(Search.java:9)
	at Search.AccessAdvancedSearch(Search.java:9)
	at Search.AccessAdvancedSearch(Search.java:9)
	at Search.AccessAdvancedSearch(Search.java:9)
	at Search.AccessAdvancedSearch(Search.java:9)
	at Search.AccessAdvancedSearch(Search.java:9)
	at Search.AccessAdvancedSearch(Search.java:9)
	at Search.AccessAdvancedSearch(Search.java:9)
	at Search.AccessAdvancedSearch(Search.java:9)
	at Search.AccessAdvancedSearch(Search.java:9)
	at Search.AccessAdvancedSearch(Search.java:9)
	at Search.AccessAdvancedSearch(Search.java:9)
	at Search.AccessAdvancedSearch(Search.java:9)
	at Search.AccessAdvancedSearch(Search.java:9)
	at Search.AccessAdvancedSearch(Search.java:9)
	at Search.AccessAdvancedSearch(Search.java:9)
	at Search.AccessAdvancedSearch(Search.java:9)
	at Search.AccessAdvancedSearch(Search.java:9)
	at Search.AccessAdvancedSearch(Search.java:9)
	at Search.AccessAdvancedSearch(Search.java:9)
	at Search.AccessAdvancedSearch(Search.java:9)
	at Search.AccessAdvancedSearch(Search.java:9)
	at Search.AccessAdvancedSearch(Search.java:9)
	at Search.AccessAdvancedSearch(Search.java:9)
	at Search.AccessAdvancedSearch(Search.java:9)
	at Search.AccessAdvancedSearch(Search.java:9)
	at Search.AccessAdvancedSearch(Search.java:9)
	at Search.AccessAdvancedSearch(Search.java:9)
	at Search.AccessAdvancedSearch(Search.java:9)
	at Search.AccessAdvancedSearch(Search.java:9)
	at Search.AccessAdvancedSearch(Search.java:9)
]]>
    </failure>
  </testcase> <!-- test -->
</testsuite> <!-- GoogleSearch -->
